<?xml version="1.0" encoding="UTF-8"?>
<!-- Generated by org.testng.reporters.JUnitReportReporter -->
<testsuite hostname="HbpSoft" failures="0" tests="6" name="Sanity.Cell_annotation.Cellannotation_Activity" time="65.591" errors="0" timestamp="2024-03-25T11:16:00 IST" skipped="0">
  <testcase classname="Sanity.Cell_annotation.Cellannotation_Activity" name="login" time="14.813"/>
  <system-out/>
  <testcase classname="Sanity.Cell_annotation.Cellannotation_Activity" name="brain_search" time="17.466"/>
  <system-out/>
  <testcase classname="Sanity.Cell_annotation.Cellannotation_Activity" name="activity_Search" time="18.014"/>
  <system-out/>
  <testcase classname="Sanity.Cell_annotation.Cellannotation_Activity" name="userName" time="4.110"/>
  <system-out/>
  <testcase classname="Sanity.Cell_annotation.Cellannotation_Activity" name="Action" time="4.091"/>
  <system-out/>
  <testcase classname="Sanity.Cell_annotation.Cellannotation_Activity" name="Info" time="7.097"/>
  <system-out/>
</testsuite> <!-- Sanity.Cell_annotation.Cellannotation_Activity -->
