<?xml version="1.0" encoding="UTF-8"?>
<!-- Generated by org.testng.reporters.JUnitReportReporter -->
<testsuite hostname="vivobook-asuslaptop-x512flc-x512fl" failures="0" tests="9" name="Sanity.Cell_annotation.Testing" time="117.978" errors="0" timestamp="2023-10-25T10:43:32 IST" skipped="0">
  <testcase classname="Sanity.Cell_annotation.Testing" name="login" time="12.744"/>
  <system-out/>
  <testcase classname="Sanity.Cell_annotation.Testing" name="series_set" time="15.204"/>
  <system-out/>
  <testcase classname="Sanity.Cell_annotation.Testing" name="cellannotation" time="5.840"/>
  <system-out/>
  <testcase classname="Sanity.Cell_annotation.Testing" name="Tileloading" time="8.357"/>
  <system-out/>
  <testcase classname="Sanity.Cell_annotation.Testing" name="centr6oidDetection" time="16.673"/>
  <system-out/>
  <testcase classname="Sanity.Cell_annotation.Testing" name="celldetection" time="17.306"/>
  <system-out/>
  <testcase classname="Sanity.Cell_annotation.Testing" name="Rabies" time="17.096"/>
  <system-out/>
  <testcase classname="Sanity.Cell_annotation.Testing" name="Annotation" time="11.717"/>
  <system-out/>
  <testcase classname="Sanity.Cell_annotation.Testing" name="save" time="13.041"/>
  <system-out/>
</testsuite> <!-- Sanity.Cell_annotation.Testing -->
