<?xml version="1.0" encoding="UTF-8"?>
<!-- Generated by org.testng.reporters.JUnitReportReporter -->
<testsuite hostname="vivobook-asuslaptop-x512flc-x512fl" failures="0" tests="5" name="Sanity.Cell_annotation.CellDetection_EP8" time="97.239" errors="0" timestamp="2024-02-13T10:36:39 IST" skipped="0">
  <testcase classname="Sanity.Cell_annotation.CellDetection_EP8" name="Login" time="30.318"/>
  <system-out/>
  <testcase classname="Sanity.Cell_annotation.CellDetection_EP8" name="table" time="3.915"/>
  <system-out/>
  <testcase classname="Sanity.Cell_annotation.CellDetection_EP8" name="celldetection" time="25.964"/>
  <system-out/>
  <testcase classname="Sanity.Cell_annotation.CellDetection_EP8" name="Goto" time="13.156"/>
  <system-out/>
  <testcase classname="Sanity.Cell_annotation.CellDetection_EP8" name="Tileannotation" time="23.886"/>
  <system-out/>
</testsuite> <!-- Sanity.Cell_annotation.CellDetection_EP8 -->
