<?xml version="1.0" encoding="UTF-8"?>
<!-- Generated by org.testng.reporters.JUnitReportReporter -->
<testsuite hostname="HbpSoft" failures="0" tests="1" name="Sanity.Cell_annotation.Today_activity" time="0.863" errors="0" timestamp="2024-03-13T09:44:38 IST" skipped="0">
  <testcase classname="Sanity.Cell_annotation.Today_activity" name="testDB" time="0.863"/>
  <system-out/>
</testsuite> <!-- Sanity.Cell_annotation.Today_activity -->
