<?xml version="1.0" encoding="UTF-8"?>
<!-- Generated by org.testng.reporters.JUnitReportReporter -->
<testsuite hostname="HbpSoft" failures="0" tests="1" name="Sanity.Cell_annotation.CellDetection_EP8" time="24.307" errors="0" timestamp="2024-03-18T15:11:17 IST" skipped="0">
  <testcase classname="Sanity.Cell_annotation.CellDetection_EP8" name="Login" time="24.307"/>
  <system-out/>
</testsuite> <!-- Sanity.Cell_annotation.CellDetection_EP8 -->
