<?xml version="1.0" encoding="UTF-8"?>
<!-- Generated by org.testng.reporters.JUnitReportReporter -->
<testsuite hostname="vivobook-asuslaptop-x512flc-x512fl" failures="0" tests="9" name="Sanity.Cell_annotation.Testing" time="132.780" errors="0" timestamp="2024-02-21T12:07:05 IST" skipped="0">
  <testcase classname="Sanity.Cell_annotation.Testing" name="login" time="12.705"/>
  <system-out/>
  <testcase classname="Sanity.Cell_annotation.Testing" name="series_set" time="19.046"/>
  <system-out/>
  <testcase classname="Sanity.Cell_annotation.Testing" name="cellannotation" time="3.822"/>
  <system-out/>
  <testcase classname="Sanity.Cell_annotation.Testing" name="Tileloading" time="9.021"/>
  <system-out/>
  <testcase classname="Sanity.Cell_annotation.Testing" name="centroidDetection" time="16.481"/>
  <system-out/>
  <testcase classname="Sanity.Cell_annotation.Testing" name="celldetection" time="17.889"/>
  <system-out/>
  <testcase classname="Sanity.Cell_annotation.Testing" name="Rabies" time="22.806"/>
  <system-out/>
  <testcase classname="Sanity.Cell_annotation.Testing" name="Annotation" time="12.969"/>
  <system-out/>
  <testcase classname="Sanity.Cell_annotation.Testing" name="save" time="18.041"/>
  <system-out/>
</testsuite> <!-- Sanity.Cell_annotation.Testing -->
