<?xml version="1.0" encoding="UTF-8"?>
<!-- Generated by org.testng.reporters.JUnitReportReporter -->
<testsuite hostname="vivobook-asuslaptop-x512flc-x512fl" failures="0" tests="5" name="Sanity.Cell_annotation.CellDetection_EP8" time="92.750" errors="0" timestamp="2024-02-21T12:27:32 IST" skipped="0">
  <testcase classname="Sanity.Cell_annotation.CellDetection_EP8" name="Login" time="23.909"/>
  <system-out/>
  <testcase classname="Sanity.Cell_annotation.CellDetection_EP8" name="series_set" time="11.187"/>
  <system-out/>
  <testcase classname="Sanity.Cell_annotation.CellDetection_EP8" name="celldetection" time="25.839"/>
  <system-out/>
  <testcase classname="Sanity.Cell_annotation.CellDetection_EP8" name="Goto" time="12.255"/>
  <system-out/>
  <testcase classname="Sanity.Cell_annotation.CellDetection_EP8" name="Tileannotation" time="19.560"/>
  <system-out/>
</testsuite> <!-- Sanity.Cell_annotation.CellDetection_EP8 -->
