<?xml version="1.0" encoding="UTF-8"?>
<!-- Generated by org.testng.reporters.JUnitReportReporter -->
<testsuite hostname="vivobook-asuslaptop-x512flc-x512fl" failures="0" tests="5" name="Sanity.Cell_annotation.CellDetection_EP8" time="118.318" errors="0" timestamp="2024-02-21T12:17:45 IST" skipped="0">
  <testcase classname="Sanity.Cell_annotation.CellDetection_EP8" name="Login" time="32.101"/>
  <system-out/>
  <testcase classname="Sanity.Cell_annotation.CellDetection_EP8" name="table" time="6.099"/>
  <system-out/>
  <testcase classname="Sanity.Cell_annotation.CellDetection_EP8" name="celldetection" time="26.893"/>
  <system-out/>
  <testcase classname="Sanity.Cell_annotation.CellDetection_EP8" name="Goto" time="13.114"/>
  <system-out/>
  <testcase classname="Sanity.Cell_annotation.CellDetection_EP8" name="Tileannotation" time="40.111"/>
  <system-out/>
</testsuite> <!-- Sanity.Cell_annotation.CellDetection_EP8 -->
