<?xml version="1.0" encoding="UTF-8"?>
<!-- Generated by org.testng.reporters.JUnitReportReporter -->
<testsuite hostname="vivobook-asuslaptop-x512flc-x512fl" failures="0" tests="2" name="Sanity.Cell_annotation.CellDetection_EP8" time="83.294" errors="0" timestamp="2024-01-29T10:05:36 IST" skipped="0">
  <testcase classname="Sanity.Cell_annotation.CellDetection_EP8" name="Login" time="23.911"/>
  <system-out/>
  <testcase classname="Sanity.Cell_annotation.CellDetection_EP8" name="table" time="59.383"/>
  <system-out/>
</testsuite> <!-- Sanity.Cell_annotation.CellDetection_EP8 -->
