<?xml version="1.0" encoding="UTF-8"?>
<!-- Generated by org.testng.reporters.JUnitReportReporter -->
<testsuite hostname="vivobook-asuslaptop-x512flc-x512fl" failures="0" tests="9" name="Sanity.Cell_annotation.Testing" time="119.224" errors="0" timestamp="2023-10-19T17:39:37 IST" skipped="0">
  <testcase classname="Sanity.Cell_annotation.Testing" name="login" time="11.156"/>
  <system-out/>
  <testcase classname="Sanity.Cell_annotation.Testing" name="series_set" time="14.198"/>
  <system-out/>
  <testcase classname="Sanity.Cell_annotation.Testing" name="cellannotation" time="3.103"/>
  <system-out/>
  <testcase classname="Sanity.Cell_annotation.Testing" name="Tileloading" time="12.598"/>
  <system-out/>
  <testcase classname="Sanity.Cell_annotation.Testing" name="celldetection" time="23.048"/>
  <system-out/>
  <testcase classname="Sanity.Cell_annotation.Testing" name="centroidDetection" time="17.036"/>
  <system-out/>
  <testcase classname="Sanity.Cell_annotation.Testing" name="Rabies" time="17.032"/>
  <system-out/>
  <testcase classname="Sanity.Cell_annotation.Testing" name="Annotation" time="12.023"/>
  <system-out/>
  <testcase classname="Sanity.Cell_annotation.Testing" name="save" time="9.030"/>
  <system-out/>
</testsuite> <!-- Sanity.Cell_annotation.Testing -->
