<?xml version="1.0" encoding="UTF-8"?>
<!-- Generated by org.testng.reporters.JUnitReportReporter -->
<testsuite hostname="vivobook-asuslaptop-x512flc-x512fl" failures="0" tests="4" name="Sanity.Cell_annotation.apollo6" time="52.608" errors="0" timestamp="2023-10-23T09:56:39 IST" skipped="0">
  <testcase classname="Sanity.Cell_annotation.apollo6" name="login" time="11.374"/>
  <system-out/>
  <testcase classname="Sanity.Cell_annotation.apollo6" name="series_set" time="16.160"/>
  <system-out/>
  <testcase classname="Sanity.Cell_annotation.apollo6" name="cellannotation" time="3.424"/>
  <system-out/>
  <testcase classname="Sanity.Cell_annotation.apollo6" name="Tileloading" time="21.650"/>
  <system-out/>
</testsuite> <!-- Sanity.Cell_annotation.apollo6 -->
